==========================================
MODEL SCALING EXPERIMENT - PYTHIA 12B
==========================================
Job ID: 605605
Node: ai01
Start: Sat Jan 24 18:07:14 +03 2026

Sat Jan 24 18:07:14 2026       
+-----------------------------------------------------------------------------------------+
| NVIDIA-SMI 575.57.08              Driver Version: 575.57.08      CUDA Version: 12.9     |
|-----------------------------------------+------------------------+----------------------+
| GPU  Name                 Persistence-M | Bus-Id          Disp.A | Volatile Uncorr. ECC |
| Fan  Temp   Perf          Pwr:Usage/Cap |           Memory-Usage | GPU-Util  Compute M. |
|                                         |                        |               MIG M. |
|=========================================+========================+======================|
|   0  Tesla T4                       On  |   00000000:40:00.0 Off |                    0 |
| N/A   26C    P8             10W /   70W |       0MiB /  15360MiB |      0%      Default |
|                                         |                        |                  N/A |
+-----------------------------------------+------------------------+----------------------+
                                                                                         
+-----------------------------------------------------------------------------------------+
| Processes:                                                                              |
|  GPU   GI   CI              PID   Type   Process name                        GPU Memory |
|        ID   ID                                                               Usage      |
|=========================================================================================|
|  No running processes found                                                             |
+-----------------------------------------------------------------------------------------+
Running pythia-12b with 50 samples
Found 1 GPU(s)
  GPU 0: Tesla T4

Preparing 50 prompts...
  Prepared 50 prompts

======================================================================
MODEL: pythia-12b (12.00B)
======================================================================

Loading pythia-12b from /datasets/NLP/huggingface/hub/models--EleutherAI--pythia-12b/snapshots/3fef353ace0849cccae3f4d5b45a4a962217be9d...
  Using device_map='auto' for 12.0B model
  Model loaded: 11846.1M parameters

  Testing GPW...
    ERROR creating watermarker: GPWWatermark.__init__() got an unexpected keyword argument 'alpha'

  Testing GPW-SP...
    ERROR creating watermarker: GPWWatermark.__init__() got an unexpected keyword argument 'alpha'

  Testing Unigram...
    ERROR creating watermarker: You can't move a model that has some modules offloaded to cpu or disk.

  Testing KGW...
    ERROR creating watermarker: You can't move a model that has some modules offloaded to cpu or disk.

Pythia-12B completed!

End: Sat Jan 24 18:09:13 +03 2026
