==========================================
MODEL SCALING EXPERIMENT - PYTHIA 6.9B
==========================================
Job ID: 605604
Node: ai01
Start: Sat Jan 24 18:07:14 +03 2026

Sat Jan 24 18:07:14 2026       
+-----------------------------------------------------------------------------------------+
| NVIDIA-SMI 575.57.08              Driver Version: 575.57.08      CUDA Version: 12.9     |
|-----------------------------------------+------------------------+----------------------+
| GPU  Name                 Persistence-M | Bus-Id          Disp.A | Volatile Uncorr. ECC |
| Fan  Temp   Perf          Pwr:Usage/Cap |           Memory-Usage | GPU-Util  Compute M. |
|                                         |                        |               MIG M. |
|=========================================+========================+======================|
|   0  Tesla T4                       On  |   00000000:3F:00.0 Off |                    0 |
| N/A   27C    P8              9W /   70W |       0MiB /  15360MiB |      0%      Default |
|                                         |                        |                  N/A |
+-----------------------------------------+------------------------+----------------------+
                                                                                         
+-----------------------------------------------------------------------------------------+
| Processes:                                                                              |
|  GPU   GI   CI              PID   Type   Process name                        GPU Memory |
|        ID   ID                                                               Usage      |
|=========================================================================================|
|  No running processes found                                                             |
+-----------------------------------------------------------------------------------------+
Running pythia-6.9b with 50 samples
Found 1 GPU(s)
  GPU 0: Tesla T4

Preparing 50 prompts...
  Prepared 50 prompts

======================================================================
MODEL: pythia-6.9b (6.90B)
======================================================================

Loading pythia-6.9b from /datasets/NLP/huggingface/hub/models--EleutherAI--pythia-6.9b/snapshots/0b4fc522e9aeb35aeebbc44d05236cb68dd805cd...
  Using device_map='auto' for 6.9B model
