================================================================================
EXPERIMENT: Copy-Paste (Mixing) Attack on Watermarked Text
================================================================================
Model: opt-1.3b
Watermark: unigram
Num samples: 200
Mix ratio: 0.5
Device: cuda
================================================================================

[1/6] Loading C4 dataset...
Loading C4 RealNewsLike dataset...
This may take a few minutes for the first download...
Attempting to load C4 realnewslike dataset...
/home/hkanpak21/.cache/huggingface/modules/datasets_modules/datasets/c4/584d57ebe81c209b6c7f31727066d2c4b4bba37cb7092cdd83083d5ec11207db/c4.py:53: FutureWarning: Dataset 'c4' is deprecated and will be deleted. Use 'allenai/c4' instead.
  warnings.warn(
Dataset loaded successfully!
Collecting 400 samples...

✓ Loaded 400 C4 samples
  Example prompt: Google has announced that it will be shutting down its smart-messaging service Allo which it launche...
✓ Loaded 200 prompts and 200 human texts

[2/6] Loading model: opt-1.3b...
Loading model: facebook/opt-1.3b...
✓ Model loaded: 1315.8M parameters

[3/6] Loading watermarker: unigram...
Detected model vocab size: 50272 (tokenizer vocab size: 50265)
✓ Watermarker loaded: UnigramWatermark

[4/6] Loading attack: CopyPaste...
Traceback (most recent call last):
  File "/scratch/hkanpak21/Comp441GPW/experiment_scripts/exp_attack_copypaste.py", line 226, in <module>
    main()
  File "/scratch/hkanpak21/Comp441GPW/experiment_scripts/exp_attack_copypaste.py", line 107, in main
    attack = load_attack("copypaste", attack_params)
  File "/scratch/hkanpak21/Comp441GPW/experiment_scripts/utils.py", line 181, in load_attack
    return CopyPasteAttack(**params)
TypeError: CopyPasteAttack.__init__() got an unexpected keyword argument 'mix_ratio'
