======================================================================
UNIGRAM WATERMARK EXPERIMENTS
======================================================================
Model: opt-1.3b | Samples: 200
Attacks: ['clean', 'synonym', 'swap', 'typo', 'copypaste']
======================================================================

[1/4] Loading dataset...
Loading C4 RealNewsLike dataset...
This may take a few minutes for the first download...
Attempting to load C4 realnewslike dataset...
/home/hkanpak21/.cache/huggingface/modules/datasets_modules/datasets/c4/584d57ebe81c209b6c7f31727066d2c4b4bba37cb7092cdd83083d5ec11207db/c4.py:53: FutureWarning: Dataset 'c4' is deprecated and will be deleted. Use 'allenai/c4' instead.
  warnings.warn(
Dataset loaded successfully!
Collecting 200 samples...

✓ Loaded 200 C4 samples
  Example prompt: Google has announced that it will be shutting down its smart-messaging service Allo which it launche...
Traceback (most recent call last):
  File "/scratch/hkanpak21/Comp441GPW/experiment_scripts/exp_watermark_unigram.py", line 232, in <module>
    main()
  File "/scratch/hkanpak21/Comp441GPW/experiment_scripts/exp_watermark_unigram.py", line 95, in main
    prompts, human_texts = load_c4_dataset(args.num_samples)
ValueError: too many values to unpack (expected 2)
