======================================================================
SINGLE EXPERIMENT: gpw_sp_sr + clean
======================================================================
Model: facebook/opt-1.3b
Watermarker: gpw_sp_sr
Attack: clean
Samples: 200
Device: cuda

Loading model...

Loading dataset...
Loading C4 dataset (subset=realnewslike, split=validation)...
This may take a few minutes for the first download...
Using datasets library version: 2.20.0
Attempt 1/3: Loading C4 realnewslike...
Successfully loaded using old API (c4/realnewslike)
Testing dataset connection...
Dataset loaded successfully!
Collecting 200 samples (filtering by length 100-1000 chars)...
Successfully loaded 200 samples!
Loaded 200 samples

Creating watermarker...
Creating attack: clean...

Running experiment...
